Using pre-set license

 COMMAND LINE ARGUMENTS:
/Applications/Unity/Hub/Editor/2020.3.2f1/Unity.app/Contents/MacOS/Unity
-adb2
-batchMode
-noUpm
-name
AssetImportWorker0
-projectPath
/Users/user/Documents/Unity Projects/ZeldaLike/ZeldaLike
-logFile
Logs/AssetImportWorker0.log
-srvPort
64997
Successfully changed project path to: /Users/user/Documents/Unity Projects/ZeldaLike/ZeldaLike
/Users/user/Documents/Unity Projects/ZeldaLike/ZeldaLike
Using Asset Import Pipeline V2.
Refreshing native plugins compatible for Editor in 41.79 ms, found 1 plugins.
Preloading 0 native plugins for Editor in 0.00 ms.
Initialize engine version: 2020.3.2f1 (8fd9074bf66c)
[Subsystems] Discovering subsystems at path /Applications/Unity/Hub/Editor/2020.3.2f1/Unity.app/Contents/Resources/UnitySubsystems
[Subsystems] Discovering subsystems at path /Users/user/Documents/Unity Projects/ZeldaLike/ZeldaLike/Assets
GfxDevice: creating device client; threaded=0
2022-06-17 23:51:28.522 Unity[98488:13016279] Color LCD preferred device: Intel HD Graphics 4000 (low power)
2022-06-17 23:51:28.522 Unity[98488:13016279] Metal devices available: 1
2022-06-17 23:51:28.522 Unity[98488:13016279] 0: Intel HD Graphics 4000 (low power)
2022-06-17 23:51:28.525 Unity[98488:13016279] Using device Intel HD Graphics 4000 (low power)
Initializing Metal device caps: Intel HD Graphics 4000
Initialize mono
Mono path[0] = '/Applications/Unity/Hub/Editor/2020.3.2f1/Unity.app/Contents/Managed'
Mono path[1] = '/Applications/Unity/Hub/Editor/2020.3.2f1/Unity.app/Contents/MonoBleedingEdge/lib/mono/unityjit'
Mono config path = '/Applications/Unity/Hub/Editor/2020.3.2f1/Unity.app/Contents/MonoBleedingEdge/etc'
Using monoOptions --debugger-agent=transport=dt_socket,embedding=1,server=y,suspend=n,address=127.0.0.1:56488
Begin MonoManager ReloadAssembly
Registering precompiled unity dll's ...
Register platform support module: /Applications/Unity/Hub/Editor/2020.3.2f1/Unity.app/Contents/PlaybackEngines/MacStandaloneSupport/UnityEditor.OSXStandalone.Extensions.dll
Registered in 0.000925 seconds.
Native extension for OSXStandalone target not found
Refreshing native plugins compatible for Editor in 40.43 ms, found 1 plugins.
Preloading 0 native plugins for Editor in 0.00 ms.
Invoked RoslynAnalysisRunner static constructor.
RoslynAnalysisRunner will not be running.
RoslynAnalysisRunner has terminated.
Mono: successfully reloaded assembly
- Completed reload, in  5.409 seconds
Platform modules already initialized, skipping
Registering precompiled user dll's ...
Registered in 0.000663 seconds.
Begin MonoManager ReloadAssembly
Native extension for OSXStandalone target not found
Refreshing native plugins compatible for Editor in 0.77 ms, found 1 plugins.
Preloading 0 native plugins for Editor in 0.00 ms.
Invoked RoslynAnalysisRunner static constructor.
RoslynAnalysisRunner will not be running.
RoslynAnalysisRunner has terminated.
Mono: successfully reloaded assembly
- Completed reload, in  1.624 seconds
Platform modules already initialized, skipping
========================================================================
Worker process is ready to serve import requests
Launching external process: /Applications/Unity/Hub/Editor/2020.3.2f1/Unity.app/Contents/Tools/UnityShaderCompiler
Launched and connected shader compiler UnityShaderCompiler after 0.02 seconds
Refreshing native plugins compatible for Editor in 0.48 ms, found 1 plugins.
Preloading 0 native plugins for Editor in 0.00 ms.
Unloading 1145 Unused Serialized files (Serialized files now loaded: 0)
System memory in use before: 115.0 MB.
System memory in use after: 115.0 MB.

Unloading 10 unused Assets to reduce memory usage. Loaded Objects now: 1590.
Total: 3.787173 ms (FindLiveObjects: 0.451071 ms CreateObjectMapping: 0.183486 ms MarkObjects: 2.965526 ms  DeleteObjects: 0.184867 ms)

========================================================================
Received Import Request.
  path: Assets/Animations/SoulsLike.controller
  artifactKey: Guid(0d21ac987ab9549d3948ec15d9bd1db7) Importer(815301076,1909f56bfc062723c751e8b465ee728b)
Start importing Assets/Animations/SoulsLike.controller using Guid(0d21ac987ab9549d3948ec15d9bd1db7) Importer(815301076,1909f56bfc062723c751e8b465ee728b)  -> (artifact id: '1deb64672c65531e935fa7e028a28232') in 0.758764 seconds
  Import took 0.763020 seconds .

========================================================================
Received Import Request.
  Time since last request: 0.000391 seconds.
  path: Assets/Animations/MNBAnimation/MNB/Chal Animator Controller.controller
  artifactKey: Guid(438fea526ed7b544593cd66001a31e49) Importer(815301076,1909f56bfc062723c751e8b465ee728b)
Start importing Assets/Animations/MNBAnimation/MNB/Chal Animator Controller.controller using Guid(438fea526ed7b544593cd66001a31e49) Importer(815301076,1909f56bfc062723c751e8b465ee728b)  -> (artifact id: 'bcf6abe262d48f9cf7a537ef6bb51b07') in 0.014919 seconds
  Import took 0.018998 seconds .

========================================================================
Received Import Request.
  Time since last request: 109.294607 seconds.
  path: Assets/Animations/Locomotions 2
  artifactKey: Guid(72438402206bc4ae88184c4ce34c0a71) Importer(815301076,1909f56bfc062723c751e8b465ee728b)
Start importing Assets/Animations/Locomotions 2 using Guid(72438402206bc4ae88184c4ce34c0a71) Importer(815301076,1909f56bfc062723c751e8b465ee728b)  -> (artifact id: '60ec071defd3e966785a684455deeb6f') in 0.007010 seconds
  Import took 0.012852 seconds .

========================================================================
Received Import Request.
  Time since last request: 1.428465 seconds.
  path: Assets/Animations/Locomotions 1
  artifactKey: Guid(13d77a0ba37164c14a350d806ccb857f) Importer(815301076,1909f56bfc062723c751e8b465ee728b)
Start importing Assets/Animations/Locomotions 1 using Guid(13d77a0ba37164c14a350d806ccb857f) Importer(815301076,1909f56bfc062723c751e8b465ee728b)  -> (artifact id: 'e0d3c7b2073540dfc67a39b68b1df5b0') in 0.005449 seconds
  Import took 0.009739 seconds .

========================================================================
Received Import Request.
  Time since last request: 8.165516 seconds.
  path: Assets/Animations/Attacks 1
  artifactKey: Guid(3cd24557521974b648453731b43a1a08) Importer(815301076,1909f56bfc062723c751e8b465ee728b)
Start importing Assets/Animations/Attacks 1 using Guid(3cd24557521974b648453731b43a1a08) Importer(815301076,1909f56bfc062723c751e8b465ee728b)  -> (artifact id: '3170aad72810d1dcc168b196ef87bfba') in 0.005969 seconds
  Import took 0.010017 seconds .

========================================================================
Received Import Request.
  Time since last request: 17.177588 seconds.
  path: Assets/Animations/Controllers
  artifactKey: Guid(44a71c267cde4424c92d8a50eca6e4a7) Importer(815301076,1909f56bfc062723c751e8b465ee728b)
Start importing Assets/Animations/Controllers using Guid(44a71c267cde4424c92d8a50eca6e4a7) Importer(815301076,1909f56bfc062723c751e8b465ee728b)  -> (artifact id: 'f9fddb7114269d062ceea2bef64ef6a3') in 0.003021 seconds
  Import took 0.008425 seconds .

========================================================================
Received Import Request.
  Time since last request: 86.185552 seconds.
  path: Assets/Animations/TPC
  artifactKey: Guid(ff3833c383dcb43cbaf802e1a3dec271) Importer(815301076,1909f56bfc062723c751e8b465ee728b)
Start importing Assets/Animations/TPC using Guid(ff3833c383dcb43cbaf802e1a3dec271) Importer(815301076,1909f56bfc062723c751e8b465ee728b)  -> (artifact id: '21c4fe7dbf4c7f12638e5955ed7f1863') in 0.005920 seconds
  Import took 0.011558 seconds .

========================================================================
Received Import Request.
  Time since last request: 0.125415 seconds.
  path: Assets/Animations/TPC/boxMan.fbx
  artifactKey: Guid(b0262e235c5c549ca981e880ec9737a2) Importer(815301076,1909f56bfc062723c751e8b465ee728b)
Start importing Assets/Animations/TPC/boxMan.fbx using Guid(b0262e235c5c549ca981e880ec9737a2) Importer(815301076,1909f56bfc062723c751e8b465ee728b)  -> (artifact id: 'a4b8f9810fcaaec442ae930ab31dab8b') in 0.751270 seconds
  Import took 0.755860 seconds .

========================================================================
Received Import Request.
  Time since last request: 0.000425 seconds.
  path: Assets/Animations/TPC/UpperBody.mask
  artifactKey: Guid(b5611c70aba0246a6b91b557c23cd246) Importer(815301076,1909f56bfc062723c751e8b465ee728b)
Start importing Assets/Animations/TPC/UpperBody.mask using Guid(b5611c70aba0246a6b91b557c23cd246) Importer(815301076,1909f56bfc062723c751e8b465ee728b)  -> (artifact id: '08b27963caa621c2f34ef9a8f79079d7') in 0.238848 seconds
  Import took 0.241826 seconds .

========================================================================
Received Import Request.
  Time since last request: 1.290555 seconds.
  path: Assets/Animations/TPC/Jumps
  artifactKey: Guid(0fcc263c031624a02a1072e8a2b4d4a7) Importer(815301076,1909f56bfc062723c751e8b465ee728b)
Start importing Assets/Animations/TPC/Jumps using Guid(0fcc263c031624a02a1072e8a2b4d4a7) Importer(815301076,1909f56bfc062723c751e8b465ee728b)  -> (artifact id: '2bc2b2bee980515cd1d11dcd1e6c80fd') in 0.005011 seconds
  Import took 0.009687 seconds .

========================================================================
Received Import Request.
  Time since last request: 2.818064 seconds.
  path: Assets/Animations/TPC/Locomotion
  artifactKey: Guid(5978ce287fd284a1ca01f3201a0a221e) Importer(815301076,1909f56bfc062723c751e8b465ee728b)
Start importing Assets/Animations/TPC/Locomotion using Guid(5978ce287fd284a1ca01f3201a0a221e) Importer(815301076,1909f56bfc062723c751e8b465ee728b)  -> (artifact id: '197db9b52db6069ae409600e5f10be80') in 0.002047 seconds
  Import took 0.007041 seconds .

========================================================================
Received Prepare
Registering precompiled user dll's ...
Registered in 0.000869 seconds.
Begin MonoManager ReloadAssembly
Native extension for OSXStandalone target not found
Refreshing native plugins compatible for Editor in 0.40 ms, found 1 plugins.
Preloading 0 native plugins for Editor in 0.00 ms.
Invoked RoslynAnalysisRunner static constructor.
RoslynAnalysisRunner will not be running.
RoslynAnalysisRunner has terminated.
Mono: successfully reloaded assembly
- Completed reload, in  1.472 seconds
Platform modules already initialized, skipping
Refreshing native plugins compatible for Editor in 0.55 ms, found 1 plugins.
Preloading 0 native plugins for Editor in 0.00 ms.
Unloading 1140 Unused Serialized files (Serialized files now loaded: 0)
System memory in use before: 147.3 MB.
System memory in use after: 147.4 MB.

Unloading 6 unused Assets to reduce memory usage. Loaded Objects now: 1604.
Total: 2.917325 ms (FindLiveObjects: 0.248475 ms CreateObjectMapping: 0.074849 ms MarkObjects: 2.452206 ms  DeleteObjects: 0.140007 ms)

========================================================================
Received Import Request.
  Time since last request: 137.942402 seconds.
  path: Assets/Animations/TPC/TPC_Controller.controller
  artifactKey: Guid(c648b189978e94cebbd80b6df655cb6b) Importer(815301076,1909f56bfc062723c751e8b465ee728b)
Start importing Assets/Animations/TPC/TPC_Controller.controller using Guid(c648b189978e94cebbd80b6df655cb6b) Importer(815301076,1909f56bfc062723c751e8b465ee728b)  -> (artifact id: '136fd0bfb8e7067eb0279013b453743a') in 0.407877 seconds
  Import took 0.412648 seconds .

========================================================================
Received Import Request.
  Time since last request: 1245.040025 seconds.
  path: Assets/Models/Shields/shield_0.FBX
  artifactKey: Guid(df1e354f0703dc8488c51e37af32117e) Importer(815301076,1909f56bfc062723c751e8b465ee728b)
Start importing Assets/Models/Shields/shield_0.FBX using Guid(df1e354f0703dc8488c51e37af32117e) Importer(815301076,1909f56bfc062723c751e8b465ee728b)  -> (artifact id: '772df86950d42950d4d209e5069ec53f') in 0.384295 seconds
  Import took 0.388060 seconds .

========================================================================
Received Import Request.
  Time since last request: 0.000327 seconds.
  path: Assets/Models/Shields/shields.png
  artifactKey: Guid(7a10c38e1ea995549b72ba33b3f86679) Importer(815301076,1909f56bfc062723c751e8b465ee728b)
Start importing Assets/Models/Shields/shields.png using Guid(7a10c38e1ea995549b72ba33b3f86679) Importer(815301076,1909f56bfc062723c751e8b465ee728b)  -> (artifact id: '000166ae809461a1123c13d9bebd42ea') in 0.561745 seconds
  Import took 0.564558 seconds .

========================================================================
Received Import Request.
  Time since last request: 3.834624 seconds.
  path: Assets/Models/Weapon/planks_3.png
  artifactKey: Guid(cf70d551463371c4b816bce77edaee19) Importer(815301076,1909f56bfc062723c751e8b465ee728b)
Start importing Assets/Models/Weapon/planks_3.png using Guid(cf70d551463371c4b816bce77edaee19) Importer(815301076,1909f56bfc062723c751e8b465ee728b)  -> (artifact id: '4f1d9ba58f538f9516d1f33d186e1774') in 0.011676 seconds
  Import took 0.016093 seconds .

========================================================================
Received Import Request.
  Time since last request: 0.000372 seconds.
  path: Assets/Models/Weapon/sword_wood_0.FBX
  artifactKey: Guid(07ec19af59a39724c91c44f0b1d8626a) Importer(815301076,1909f56bfc062723c751e8b465ee728b)
Start importing Assets/Models/Weapon/sword_wood_0.FBX using Guid(07ec19af59a39724c91c44f0b1d8626a) Importer(815301076,1909f56bfc062723c751e8b465ee728b)  -> (artifact id: '1ac44b5b265474ffd6aaa8f33dbe8f9d') in 0.027813 seconds
  Import took 0.031950 seconds .

========================================================================
Received Import Request.
  Time since last request: 2.268499 seconds.
  path: Assets/Prefabs/Ekard_Attack_01_h Variant.prefab
  artifactKey: Guid(66007987caf8743ffb46d011a3d21ca0) Importer(815301076,1909f56bfc062723c751e8b465ee728b)
Start importing Assets/Prefabs/Ekard_Attack_01_h Variant.prefab using Guid(66007987caf8743ffb46d011a3d21ca0) Importer(815301076,1909f56bfc062723c751e8b465ee728b)  -> (artifact id: 'cb36d81c84d229be3bd7ba5c3697db2b') in 0.200011 seconds
  Import took 0.203250 seconds .

========================================================================
Received Import Request.
  Time since last request: 44.424400 seconds.
  path: Assets/Animations/TPC/Locomotion/run_to_stop 1.anim
  artifactKey: Guid(db9d3d4b58a0ec9479c96573858bdae1) Importer(815301076,1909f56bfc062723c751e8b465ee728b)
Start importing Assets/Animations/TPC/Locomotion/run_to_stop 1.anim using Guid(db9d3d4b58a0ec9479c96573858bdae1) Importer(815301076,1909f56bfc062723c751e8b465ee728b)  -> (artifact id: 'fe1cc92ce75210ce6024f9650f1b0146') in 0.242011 seconds
  Import took 0.245622 seconds .

